<?xml version="1.0" encoding="UTF-8"?>
<testng-results skipped="0" failed="0" ignored="0" total="1" passed="1">
  <reporter-output>
  </reporter-output>
  <suite name="Twitter" duration-ms="21455" started-at="2017-09-16T16:48:41Z" finished-at="2017-09-16T16:49:03Z">
    <groups>
    </groups>
    <test name="Twitter Features" duration-ms="21455" started-at="2017-09-16T16:48:41Z" finished-at="2017-09-16T16:49:03Z">
      <class name="testPageObject.TestHomePage">
        <test-method status="PASS" signature="startingTheBrowser(java.lang.String, java.lang.String, java.lang.String)[pri:0, instance:testPageObject.TestHomePage@246ae04d]" name="startingTheBrowser" is-config="true" duration-ms="12693" started-at="2017-09-16T12:48:41Z" finished-at="2017-09-16T12:48:54Z">
          <params>
            <param index="0">
              <value>
                <![CDATA[firefox]]>
              </value>
            </param>
            <param index="1">
              <value>
                <![CDATA[win]]>
              </value>
            </param>
            <param index="2">
              <value>
                <![CDATA[https://twitter.com/search?q=%23homepage]]>
              </value>
            </param>
          </params>
          <reporter-output>
          </reporter-output>
        </test-method> <!-- startingTheBrowser -->
        <test-method status="PASS" signature="checkNotification()[pri:0, instance:testPageObject.TestHomePage@246ae04d]" name="checkNotification" duration-ms="7059" started-at="2017-09-16T12:48:54Z" finished-at="2017-09-16T12:49:01Z">
          <reporter-output>
          </reporter-output>
        </test-method> <!-- checkNotification -->
        <test-method status="PASS" signature="endingTheBrowser()[pri:0, instance:testPageObject.TestHomePage@246ae04d]" name="endingTheBrowser" is-config="true" duration-ms="1682" started-at="2017-09-16T12:49:01Z" finished-at="2017-09-16T12:49:03Z">
          <reporter-output>
          </reporter-output>
        </test-method> <!-- endingTheBrowser -->
      </class> <!-- testPageObject.TestHomePage -->
    </test> <!-- Twitter Features -->
  </suite> <!-- Twitter -->
</testng-results>
