<?xml version="1.0" encoding="UTF-8"?>
<testsuite xmlns:xsi="http://www.w3.org/2001/XMLSchema-instance" xsi:schemaLocation="https://maven.apache.org/surefire/maven-surefire-plugin/xsd/surefire-test-report.xsd" name="TestSuite" time="25.636" tests="1" errors="0" skipped="0" failures="1">
  <properties>
[...]
</properties>
  <testcase name="createPost" classname="testpageobject.TestHomePage" time="9.476">
    <failure message="No modal dialog is currently open&#10;Build info: version: &apos;3.5.3&apos;, revision: &apos;a88d25fe6b&apos;, time: &apos;2017-08-29T12:42:44.417Z&apos;&#10;System info: host: &apos;LAPTOP-GI6MMR22&apos;, ip: &apos;192.168.232.1&apos;, os.name: &apos;Windows 10&apos;, os.arch: &apos;amd64&apos;, os.version: &apos;10.0&apos;, java.version: &apos;1.8.0_141&apos;&#10;Driver info: org.openqa.selenium.firefox.FirefoxDriver&#10;Capabilities [{moz:profile=C:\Users\saha4\AppData\Local\Temp\rust_mozprofile.hQU1npcK3HAC, rotatable=false, timeouts={implicit=0, pageLoad=300000, script=30000}, pageLoadStrategy=normal, platform=XP, specificationLevel=0, moz:accessibilityChecks=false, acceptInsecureCerts=false, browserVersion=55.0.3, platformVersion=10.0, moz:processID=13788, browserName=firefox, javascriptEnabled=true, platformName=XP}]&#10;Session ID: 4800db52-4563-4aee-8559-f0c7af04b551" type="org.openqa.selenium.NoAlertPresentException">org.openqa.selenium.NoAlertPresentException: 
No modal dialog is currently open
Build info: version: '3.5.3', revision: 'a88d25fe6b', time: '2017-08-29T12:42:44.417Z'
System info: host: 'LAPTOP-GI6MMR22', ip: '192.168.232.1', os.name: 'Windows 10', os.arch: 'amd64', os.version: '10.0', java.version: '1.8.0_141'
Driver info: org.openqa.selenium.firefox.FirefoxDriver
Capabilities [{moz:profile=C:\Users\saha4\AppData\Local\Temp\rust_mozprofile.hQU1npcK3HAC, rotatable=false, timeouts={implicit=0, pageLoad=300000, script=30000}, pageLoadStrategy=normal, platform=XP, specificationLevel=0, moz:accessibilityChecks=false, acceptInsecureCerts=false, browserVersion=55.0.3, platformVersion=10.0, moz:processID=13788, browserName=firefox, javascriptEnabled=true, platformName=XP}]
Session ID: 4800db52-4563-4aee-8559-f0c7af04b551
	at testpageobject.TestHomePage.createPost(TestHomePage.java:38)
</failure>
    <system-out><![CDATA[Starting the browser
]]></system-out>
    <system-err><![CDATA[1505580759660	geckodriver	INFO	geckodriver 0.18.0
1505580759665	geckodriver	INFO	Listening on 127.0.0.1:31239
1505580760275	geckodriver::marionette	INFO	Starting browser C:\Program Files\Mozilla Firefox\firefox.exe with args ["-marionette"]
1505580761601	addons.xpi	WARN	Error parsing extensions state: [Exception... "Component returned failure code: 0x80520012 (NS_ERROR_FILE_NOT_FOUND) [amIAddonManagerStartup.readStartupData]"  nsresult: "0x80520012 (NS_ERROR_FILE_NOT_FOUND)"  location: "JS frame :: resource://gre/modules/addons/XPIProvider.jsm :: loadExtensionState :: line 1596"  data: no] Stack trace: loadExtensionState()@resource://gre/modules/addons/XPIProvider.jsm:1596 < getInstallState()@resource://gre/modules/addons/XPIProvider.jsm:1631 < checkForChanges()@resource://gre/modules/addons/XPIProvider.jsm:3152 < startup()@resource://gre/modules/addons/XPIProvider.jsm:2246 < callProvider()@resource://gre/modules/AddonManager.jsm:271 < _startProvider()@resource://gre/modules/AddonManager.jsm:741 < startup()@resource://gre/modules/AddonManager.jsm:908 < startup()@resource://gre/modules/AddonManager.jsm:3122 < observe()@jar:file:///C:/Program%20Files/Mozilla%20Firefox/omni.ja!/components/addonManager.js:65
1505580762624	Marionette	INFO	Enabled via --marionette
Unable to read VR Path Registry from C:\Users\saha4\AppData\Local\openvr\openvrpaths.vrpath
[GPU 14076] WARNING: pipe error: 109: file c:/builds/moz2_slave/m-rel-w64-00000000000000000000/build/src/ipc/chromium/src/chrome/common/ipc_channel_win.cc, line 346
Unable to read VR Path Registry from C:\Users\saha4\AppData\Local\openvr\openvrpaths.vrpath
[Parent 13788] WARNING: pipe error: 109: file c:/builds/moz2_slave/m-rel-w64-00000000000000000000/build/src/ipc/chromium/src/chrome/common/ipc_channel_win.cc, line 346
Unable to read VR Path Registry from C:\Users\saha4\AppData\Local\openvr\openvrpaths.vrpath
[Child 9376] WARNING: pipe error: 109: file c:/builds/moz2_slave/m-rel-w64-00000000000000000000/build/src/ipc/chromium/src/chrome/common/ipc_channel_win.cc, line 346
[Child 9376] WARNING: pipe error: 109: file c:/builds/moz2_slave/m-rel-w64-00000000000000000000/build/src/ipc/chromium/src/chrome/common/ipc_channel_win.cc, line 346
1505580767353	Marionette	INFO	Listening on port 56101
1505580767384	Marionette	INFO	Listening on port 56101
1505580767846	Marionette	DEBUG	loaded listener.js
Sep 16, 2017 12:52:47 PM org.openqa.selenium.remote.ProtocolHandshake createSession
INFO: Detected dialect: W3C
1505580768533	Marionette	DEBUG	Received DOM event "beforeunload" for "about:blank"
1505580768872	Marionette	DEBUG	Received DOM event "pagehide" for "about:blank"
1505580768873	Marionette	DEBUG	Received DOM event "unload" for "about:blank"
1505580769559	Marionette	DEBUG	Received DOM event "DOMContentLoaded" for "https://www.facebook.com/"
1505580769735	Marionette	DEBUG	Received DOM event "DOMContentLoaded" for "https://www.facebook.com/"
1505580769757	Marionette	DEBUG	Received DOM event "pageshow" for "https://www.facebook.com/"
1505580769769	Marionette	DEBUG	Received DOM event "DOMContentLoaded" for "https://www.facebook.com/"
1505580769773	Marionette	DEBUG	Received DOM event "pageshow" for "https://www.facebook.com/"
1505580770898	Marionette	DEBUG	Received DOM event "DOMContentLoaded" for "https://staticxx.facebook.com/common/referer_frame.php"
1505580770910	Marionette	DEBUG	Received DOM event "pageshow" for "https://staticxx.facebook.com/common/referer_frame.php"
1505580770924	Marionette	DEBUG	Received DOM event "DOMContentLoaded" for "https://staticxx.facebook.com/common/referer_frame.php"
1505580770935	Marionette	DEBUG	Received DOM event "pageshow" for "https://staticxx.facebook.com/common/referer_frame.php"
1505580770936	Marionette	DEBUG	Received DOM event "DOMContentLoaded" for "https://staticxx.facebook.com/common/referer_frame.php"
1505580770943	Marionette	DEBUG	Received DOM event "pageshow" for "https://staticxx.facebook.com/common/referer_frame.php"
1505580771254	Marionette	DEBUG	Received DOM event "pageshow" for "https://www.facebook.com/"
1505580773837	Marionette	DEBUG	Received DOM event "beforeunload" for "https://www.facebook.com/"
1505580774242	Marionette	DEBUG	Received DOM event "pagehide" for "https://www.facebook.com/"
1505580774248	Marionette	DEBUG	Received DOM event "unload" for "https://www.facebook.com/"
1505580775242	Marionette	DEBUG	Received DOM event "DOMContentLoaded" for "https://www.facebook.com/"
1505580775249	Marionette	DEBUG	Received DOM event "pageshow" for "https://www.facebook.com/"
1505580775258	Marionette	DEBUG	Received DOM event "DOMContentLoaded" for "https://www.facebook.com/"
1505580775270	Marionette	DEBUG	Received DOM event "pageshow" for "https://www.facebook.com/"
1505580775274	Marionette	DEBUG	Received observer notification "outer-window-destroyed" for "4294967310"
1505580775276	Marionette	DEBUG	Received observer notification "outer-window-destroyed" for "4294967301"
1505580775278	Marionette	DEBUG	Received observer notification "outer-window-destroyed" for "4294967302"
1505580775279	Marionette	DEBUG	Received observer notification "outer-window-destroyed" for "4294967305"
1505580777219	Marionette	DEBUG	Received DOM event "DOMContentLoaded" for "https://www.facebook.com/"
1505580777222	Marionette	DEBUG	Received DOM event "pageshow" for "https://www.facebook.com/"
1505580777422	Marionette	DEBUG	Received DOM event "DOMContentLoaded" for "https://www.facebook.com/"
1505580778894	Marionette	DEBUG	Received DOM event "DOMContentLoaded" for "https://staticxx.facebook.com/common/referer_frame.php"
1505580778915	Marionette	DEBUG	Received DOM event "pageshow" for "https://staticxx.facebook.com/common/referer_frame.php"
1505580778917	Marionette	DEBUG	Received DOM event "DOMContentLoaded" for "https://staticxx.facebook.com/common/referer_frame.php"
1505580778929	Marionette	DEBUG	Received DOM event "pageshow" for "https://staticxx.facebook.com/common/referer_frame.php"
1505580778933	Marionette	DEBUG	Received DOM event "DOMContentLoaded" for "https://staticxx.facebook.com/common/referer_frame.php"
1505580778941	Marionette	DEBUG	Received DOM event "pageshow" for "https://staticxx.facebook.com/common/referer_frame.php"
1505580779029	Marionette	DEBUG	Received DOM event "DOMContentLoaded" for "https://staticxx.facebook.com/common/referer_frame.php"
1505580779036	Marionette	DEBUG	Received DOM event "pageshow" for "https://staticxx.facebook.com/common/referer_frame.php"
1505580779052	Marionette	DEBUG	Received DOM event "DOMContentLoaded" for "https://staticxx.facebook.com/common/referer_frame.php"
1505580779057	Marionette	DEBUG	Received DOM event "pageshow" for "https://staticxx.facebook.com/common/referer_frame.php"
1505580779060	Marionette	DEBUG	Received DOM event "DOMContentLoaded" for "https://staticxx.facebook.com/common/referer_frame.php"
1505580779066	Marionette	DEBUG	Received DOM event "pageshow" for "https://staticxx.facebook.com/common/referer_frame.php"
1505580779639	Marionette	DEBUG	Received DOM event "DOMContentLoaded" for "https://www.facebook.com/xti.php?xt=AZWoBds-3inYrGBNRWmhaw-BUJn1vOSSu2k9G4_q1zZnPdWIrpYpRhPag88BJ6O1_sNAeUam-q9kEBx_rNf3MDN5JfXj9bc2NqRwYA9ds9UqGg&isv=1&cts=1505580778&csp"
1505580779689	Marionette	DEBUG	Received DOM event "pageshow" for "https://www.facebook.com/xti.php?xt=AZWoBds-3inYrGBNRWmhaw-BUJn1vOSSu2k9G4_q1zZnPdWIrpYpRhPag88BJ6O1_sNAeUam-q9kEBx_rNf3MDN5JfXj9bc2NqRwYA9ds9UqGg&isv=1&cts=1505580778&csp"
1505580779772	Marionette	DEBUG	Received observer notification "outer-window-destroyed" for "4294967329"
1505580779776	Marionette	DEBUG	Received DOM event "DOMContentLoaded" for "https://www.facebook.com/sem_campaigns/sem_pixel_test/?google_pixel_category=1&google_pixel_src=https%3A%2F%2Fgoogleads.g.doubleclick.net%2Fpagead%2Fviewthroughconversion%2F995153884%2F%3Fvalue%3D1.00%26currency_code%3DUSD%26label%3DWu-ZCMSIzlwQ3K_D2gM%26guid%3DON%26script%3D0&encoded_one=AQTc6k_aikX6lAKKjXfYuAs6lJ-pJwhM0GMHYEWjbrbfn9pa6CkAY8uuzSSxlYO9qUMNSUt2lL5expTac8I4stTr&encoded_two=AQS8bnu5QFCdqq1tn_K8u0yeeuS21dgGv8PVVKTg91IrGHPRLmdqgWDX4RotPeDh6GJJLMgoIrlfA5QVXJdWtv5g"
1505580779787	Marionette	DEBUG	Received DOM event "pageshow" for "https://www.facebook.com/sem_campaigns/sem_pixel_test/?google_pixel_category=1&google_pixel_src=https%3A%2F%2Fgoogleads.g.doubleclick.net%2Fpagead%2Fviewthroughconversion%2F995153884%2F%3Fvalue%3D1.00%26currency_code%3DUSD%26label%3DWu-ZCMSIzlwQ3K_D2gM%26guid%3DON%26script%3D0&encoded_one=AQTc6k_aikX6lAKKjXfYuAs6lJ-pJwhM0GMHYEWjbrbfn9pa6CkAY8uuzSSxlYO9qUMNSUt2lL5expTac8I4stTr&encoded_two=AQS8bnu5QFCdqq1tn_K8u0yeeuS21dgGv8PVVKTg91IrGHPRLmdqgWDX4RotPeDh6GJJLMgoIrlfA5QVXJdWtv5g"
1505580779967	Marionette	DEBUG	Received DOM event "DOMContentLoaded" for "https://tm-sbx.fbsbx.com/landing/?org_id=j8ck72di&session_id=ARCSEGt8AFgb4tKB"
1505580779974	Marionette	DEBUG	Received observer notification "outer-window-destroyed" for "4294967331"
1505580779979	Marionette	DEBUG	Received DOM event "pageshow" for "https://www.google.com/ads/user-lists/995153884/?value=1.00&currency_code=USD&label=Wu-ZCMSIzlwQ3K_D2gM&guid=ON&script=0&cdct=2&is_vtc=1&random=1434070681"
1505580779980	Marionette	DEBUG	Received observer notification "outer-window-destroyed" for "4294967326"
1505580780479	Marionette	DEBUG	Received DOM event "DOMContentLoaded" for "https://tm-sbx.fbsbx.com/landing/?org_id=j8ck72di&session_id=ARCSEGt8AFgb4tKB"
1505580780500	Marionette	DEBUG	Received DOM event "pageshow" for "https://tm-sbx.fbsbx.com/landing/?org_id=j8ck72di&session_id=ARCSEGt8AFgb4tKB"
1505580780503	Marionette	DEBUG	Received DOM event "pageshow" for "https://tm-sbx.fbsbx.com/landing/?org_id=j8ck72di&session_id=ARCSEGt8AFgb4tKB"
1505580780613	Marionette	DEBUG	Received DOM event "pageshow" for "https://www.facebook.com/"
]]></system-err>
  </testcase>
</testsuite>