<?xml version="1.0" encoding="UTF-8"?>
<testsuite xmlns:xsi="http://www.w3.org/2001/XMLSchema-instance" xsi:schemaLocation="https://maven.apache.org/surefire/maven-surefire-plugin/xsd/surefire-test-report.xsd" name="TestSuite" time="433.196" tests="2" errors="0" skipped="0" failures="2">
  <properties>
[...]
</properties>
  <testcase name="buyIphoneX" classname="testbestbuyproduct.testBestbuyProduct" time="411.861">
    <failure message="Failed to decode response from marionette&#10;Build info: version: &apos;3.5.3&apos;, revision: &apos;a88d25fe6b&apos;, time: &apos;2017-08-29T12:42:44.417Z&apos;&#10;System info: host: &apos;Debashishs-MacBook-Pro.local&apos;, ip: &apos;fe80:0:0:0:406:d557:8fc2:2668%en0&apos;, os.name: &apos;Mac OS X&apos;, os.arch: &apos;x86_64&apos;, os.version: &apos;10.12.6&apos;, java.version: &apos;1.8.0_144&apos;&#10;Driver info: org.openqa.selenium.firefox.FirefoxDriver&#10;Capabilities [{moz:profile=/var/folders/gr/jrd4kypn16b_hf574zyxg5500000gn/T/rust_mozprofile.5IbCS7VJmfOb, rotatable=false, timeouts={implicit=0, pageLoad=300000, script=30000}, pageLoadStrategy=normal, platform=MAC, specificationLevel=0, moz:accessibilityChecks=false, acceptInsecureCerts=false, browserVersion=55.0.3, platformVersion=16.7.0, moz:processID=5084, browserName=firefox, javascriptEnabled=true, platformName=MAC}]&#10;Session ID: 7a2259ee-4e4f-3a47-9864-7d231277e6fb" type="org.openqa.selenium.WebDriverException">org.openqa.selenium.WebDriverException: 
Failed to decode response from marionette
Build info: version: '3.5.3', revision: 'a88d25fe6b', time: '2017-08-29T12:42:44.417Z'
System info: host: 'Debashishs-MacBook-Pro.local', ip: 'fe80:0:0:0:406:d557:8fc2:2668%en0', os.name: 'Mac OS X', os.arch: 'x86_64', os.version: '10.12.6', java.version: '1.8.0_144'
Driver info: org.openqa.selenium.firefox.FirefoxDriver
Capabilities [{moz:profile=/var/folders/gr/jrd4kypn16b_hf574zyxg5500000gn/T/rust_mozprofile.5IbCS7VJmfOb, rotatable=false, timeouts={implicit=0, pageLoad=300000, script=30000}, pageLoadStrategy=normal, platform=MAC, specificationLevel=0, moz:accessibilityChecks=false, acceptInsecureCerts=false, browserVersion=55.0.3, platformVersion=16.7.0, moz:processID=5084, browserName=firefox, javascriptEnabled=true, platformName=MAC}]
Session ID: 7a2259ee-4e4f-3a47-9864-7d231277e6fb
	at testbestbuyproduct.testBestbuyProduct.buyIphoneX(testBestbuyProduct.java:91)
</failure>
    <system-out><![CDATA[Starting the browser
]]></system-out>
    <system-err><![CDATA[1505583556447	geckodriver	INFO	geckodriver 0.18.0
1505583556454	geckodriver	INFO	Listening on 127.0.0.1:48626
1505583556771	geckodriver::marionette	INFO	Starting browser /Applications/Firefox.app/Contents/MacOS/firefox-bin with args ["-marionette"]
1505583557030	addons.xpi	WARN	Error parsing extensions state: [Exception... "Component returned failure code: 0x80520012 (NS_ERROR_FILE_NOT_FOUND) [amIAddonManagerStartup.readStartupData]"  nsresult: "0x80520012 (NS_ERROR_FILE_NOT_FOUND)"  location: "JS frame :: resource://gre/modules/addons/XPIProvider.jsm :: loadExtensionState :: line 1596"  data: no] Stack trace: loadExtensionState()@resource://gre/modules/addons/XPIProvider.jsm:1596 < getInstallState()@resource://gre/modules/addons/XPIProvider.jsm:1631 < checkForChanges()@resource://gre/modules/addons/XPIProvider.jsm:3152 < startup()@resource://gre/modules/addons/XPIProvider.jsm:2246 < callProvider()@resource://gre/modules/AddonManager.jsm:271 < _startProvider()@resource://gre/modules/AddonManager.jsm:741 < startup()@resource://gre/modules/AddonManager.jsm:908 < startup()@resource://gre/modules/AddonManager.jsm:3122 < observe()@jar:file:///Applications/Firefox.app/Contents/Resources/omni.ja!/components/addonManager.js:65
1505583557443	Marionette	INFO	Enabled via --marionette
2017-09-16 13:39:18.821 plugin-container[5085:399086] *** CFMessagePort: bootstrap_register(): failed 1100 (0x44c) 'Permission denied', port = 0xa237, name = 'com.apple.tsm.portname'
See /usr/include/servers/bootstrap_defs.h for the error codes.
2017-09-16 13:39:18.822 plugin-container[5085:399086] *** CFMessagePort: bootstrap_register(): failed 1100 (0x44c) 'Permission denied', port = 0xa503, name = 'com.apple.CFPasteboardClient'
See /usr/include/servers/bootstrap_defs.h for the error codes.
1505583559191	Marionette	INFO	Listening on port 52785
JavaScript error: chrome://marionette/content/server.js, line 337: NS_ERROR_SOCKET_ADDRESS_IN_USE: Component returned failure code: 0x804b0036 (NS_ERROR_SOCKET_ADDRESS_IN_USE) [nsIServerSocket.initSpecialConnection]
1505583559275	Marionette	DEBUG	loaded listener.js
Sep 16, 2017 1:39:19 PM org.openqa.selenium.remote.ProtocolHandshake createSession
INFO: Detected dialect: W3C
1505583559384	Marionette	DEBUG	Received DOM event "beforeunload" for "about:blank"
1505583559754	Marionette	DEBUG	Received DOM event "pagehide" for "about:blank"
1505583559754	Marionette	DEBUG	Received DOM event "unload" for "about:blank"
1505583561695	Marionette	DEBUG	Received DOM event "DOMContentLoaded" for "https://www.bestbuy.com/"
JavaScript error: https://assets.bbystatic.com/price-view/price-view-56986107b9007b5cc69b.js, line 1: ReferenceError: Redux is not defined
1505583563065	Marionette	DEBUG	Received DOM event "DOMContentLoaded" for "https://a8140550914.cdn.optimizely.com/client_storage/a8140550914.html"
1505583563093	Marionette	DEBUG	Received DOM event "pageshow" for "https://a8140550914.cdn.optimizely.com/client_storage/a8140550914.html"
1505583565222	Marionette	DEBUG	Received observer notification "outer-window-destroyed" for "2147483655"
1505583565365	Marionette	DEBUG	Received DOM event "pageshow" for "https://www.bestbuy.com/"
1505583567177	Marionette	DEBUG	Canceled page load listener because no navigation has been detected
1505583567668	Marionette	DEBUG	Canceled page load listener because no navigation has been detected
1505583568153	Marionette	DEBUG	Canceled page load listener because no navigation has been detected
1505583568615	Marionette	DEBUG	Received DOM event "beforeunload" for "https://www.bestbuy.com/"
1505583568928	Marionette	DEBUG	Received DOM event "pagehide" for "https://www.bestbuy.com/"
1505583568930	Marionette	DEBUG	Received DOM event "unload" for "https://www.bestbuy.com/"
1505583569922	Marionette	DEBUG	Received observer notification "outer-window-destroyed" for "2147483653"
1505583569922	Marionette	DEBUG	Received observer notification "outer-window-destroyed" for "2147483656"
1505583570872	Marionette	DEBUG	Received DOM event "DOMContentLoaded" for "https://www.bestbuy.com/site/apple/learn-about-iphone-x/pcmcat1504732805705.c?id=pcmcat1504732805705"
1505583571663	Marionette	DEBUG	Received DOM event "DOMContentLoaded" for "https://a8140550914.cdn.optimizely.com/client_storage/a8140550914.html"
1505583571684	Marionette	DEBUG	Received DOM event "pageshow" for "https://a8140550914.cdn.optimizely.com/client_storage/a8140550914.html"
1505583572027	Marionette	DEBUG	Received DOM event "DOMContentLoaded" for "https://pages.emailinfo2.bestbuy.com/page.aspx?QS=38dfbe491fab00eafd9984f89102cc02a14e96162572c764&s=preorder&pt=iPhone%20X%20Sign%20Up%20to%20Be%20Notified"
1505583572035	Marionette	DEBUG	Received DOM event "pageshow" for "https://pages.emailinfo2.bestbuy.com/page.aspx?QS=38dfbe491fab00eafd9984f89102cc02a14e96162572c764&s=preorder&pt=iPhone%20X%20Sign%20Up%20to%20Be%20Notified"
JavaScript error: https://assets.bbystatic.com/price-view/price-view-56986107b9007b5cc69b.js, line 1: ReferenceError: Redux is not defined
1505583572776	Marionette	DEBUG	Received observer notification "outer-window-destroyed" for "2147483663"
1505583572857	Marionette	DEBUG	Received DOM event "pageshow" for "https://www.bestbuy.com/site/apple/learn-about-iphone-x/pcmcat1504732805705.c?id=pcmcat1504732805705"
1505583573062	Marionette	DEBUG	Received DOM event "beforeunload" for "https://www.bestbuy.com/site/apple/learn-about-iphone-x/pcmcat1504732805705.c?id=pcmcat1504732805705"
1505583573523	Marionette	DEBUG	Received DOM event "pagehide" for "https://www.bestbuy.com/site/apple/learn-about-iphone-x/pcmcat1504732805705.c?id=pcmcat1504732805705"
1505583574356	Marionette	DEBUG	Received DOM event "pagehide" for "https://www.bestbuy.com/site/apple/learn-about-iphone-x/pcmcat1504732805705.c?id=pcmcat1504732805705"
1505583574365	Marionette	DEBUG	Received DOM event "unload" for "https://www.bestbuy.com/site/apple/learn-about-iphone-x/pcmcat1504732805705.c?id=pcmcat1504732805705"
1505583574440	Marionette	DEBUG	Received DOM event "pageshow" for "https://www.bestbuy.com/site/apple/learn-about-iphone-x/pcmcat1504732805705.c?id=pcmcat1504732805705"
JavaScript error: https://d1af033869koo7.cloudfront.net/psp/platform/default/247fwk.js, line 7: TypeError: parent.SN.Conf is undefined
1505583575647	Marionette	DEBUG	Received observer notification "outer-window-destroyed" for "2147483673"
1505583575648	Marionette	DEBUG	Received observer notification "outer-window-destroyed" for "2147483670"
1505583575648	Marionette	DEBUG	Received observer notification "outer-window-destroyed" for "2147483660"
1505583575649	Marionette	DEBUG	Received observer notification "outer-window-destroyed" for "2147483666"
1505583575649	Marionette	DEBUG	Received observer notification "outer-window-destroyed" for "2147483659"
1505583575650	Marionette	DEBUG	Received observer notification "outer-window-destroyed" for "2147483667"
1505583575650	Marionette	DEBUG	Received observer notification "outer-window-destroyed" for "2147483664"
1505583576844	Marionette	DEBUG	Received DOM event "DOMContentLoaded" for "https://www.bestbuy.com/site/clp/iphone-x-shop-by-carrier/pcmcat1504817590528.c?id=pcmcat1504817590528"
JavaScript error: https://assets.bbystatic.com/price-view/price-view-56986107b9007b5cc69b.js, line 1: ReferenceError: Redux is not defined
1505583577595	Marionette	DEBUG	Received DOM event "DOMContentLoaded" for "https://a8140550914.cdn.optimizely.com/client_storage/a8140550914.html"
1505583577616	Marionette	DEBUG	Received DOM event "pageshow" for "https://a8140550914.cdn.optimizely.com/client_storage/a8140550914.html"
1505583578206	Marionette	DEBUG	Received observer notification "outer-window-destroyed" for "2147483678"
1505583578289	Marionette	DEBUG	Received DOM event "pageshow" for "https://www.bestbuy.com/site/clp/iphone-x-shop-by-carrier/pcmcat1504817590528.c?id=pcmcat1504817590528"
1505583578853	Marionette	DEBUG	Received DOM event "beforeunload" for "https://www.bestbuy.com/site/clp/iphone-x-shop-by-carrier/pcmcat1504817590528.c?id=pcmcat1504817590528"
JavaScript error: https://s.btstatic.com/tag.js line 8 > eval, line 5: Error: Loading chunk 0 failed.
1505583579113	Marionette	DEBUG	Received DOM event "pagehide" for "https://www.bestbuy.com/site/clp/iphone-x-shop-by-carrier/pcmcat1504817590528.c?id=pcmcat1504817590528"
1505583579120	Marionette	DEBUG	Received DOM event "unload" for "https://www.bestbuy.com/site/clp/iphone-x-shop-by-carrier/pcmcat1504817590528.c?id=pcmcat1504817590528"
1505583580293	Marionette	DEBUG	Received observer notification "outer-window-destroyed" for "2147483676"
1505583580294	Marionette	DEBUG	Received observer notification "outer-window-destroyed" for "2147483679"
1505583581912	Marionette	DEBUG	Received DOM event "DOMContentLoaded" for "https://www.bestbuy.com/site/apple-iphone-x-64gb-space-gray-verizon/6009901.p?skuId=6009901"
1505583583222	Marionette	DEBUG	Received DOM event "DOMContentLoaded" for "https://a8140550914.cdn.optimizely.com/client_storage/a8140550914.html"
1505583583281	Marionette	DEBUG	Received DOM event "pageshow" for "https://a8140550914.cdn.optimizely.com/client_storage/a8140550914.html"
1505583584075	Marionette	DEBUG	Received observer notification "outer-window-destroyed" for "2147483684"
1505583584307	Marionette	DEBUG	Received DOM event "pageshow" for "https://www.bestbuy.com/site/apple-iphone-x-64gb-space-gray-verizon/6009901.p?skuId=6009901"
1505583587546	Marionette	DEBUG	Received DOM event "beforeunload" for "https://www.bestbuy.com/site/apple-iphone-x-64gb-space-gray-verizon/6009901.p?skuId=6009901"
1505583587575	Marionette	DEBUG	Received DOM event "beforeunload" for "https://www.bestbuy.com/site/apple-iphone-x-64gb-space-gray-verizon/6009901.p?skuId=6009901"
1505583587609	Marionette	DEBUG	Received DOM event "pagehide" for "https://www.bestbuy.com/site/apple-iphone-x-64gb-space-gray-verizon/6009901.p?skuId=6009901"
1505583587621	Marionette	DEBUG	Received DOM event "unload" for "https://www.bestbuy.com/site/apple-iphone-x-64gb-space-gray-verizon/6009901.p?skuId=6009901"
1505583587677	Marionette	DEBUG	Received observer notification "outer-window-destroyed" for "2147483703"
1505583587677	Marionette	DEBUG	Received observer notification "outer-window-destroyed" for "2147483695"
1505583587694	Marionette	DEBUG	Received observer notification "outer-window-destroyed" for "2147483682"
1505583587694	Marionette	DEBUG	Received observer notification "outer-window-destroyed" for "2147483689"
1505583587696	Marionette	DEBUG	Received observer notification "outer-window-destroyed" for "2147483691"
1505583587696	Marionette	DEBUG	Received observer notification "outer-window-destroyed" for "2147483716"
1505583587697	Marionette	DEBUG	Received observer notification "outer-window-destroyed" for "2147483687"
1505583587698	Marionette	DEBUG	Received observer notification "outer-window-destroyed" for "2147483723"
1505583587698	Marionette	DEBUG	Received observer notification "outer-window-destroyed" for "2147483708"
1505583587699	Marionette	DEBUG	Received observer notification "outer-window-destroyed" for "2147483713"
1505583587699	Marionette	DEBUG	Received observer notification "outer-window-destroyed" for "2147483693"
1505583587699	Marionette	DEBUG	Received observer notification "outer-window-destroyed" for "2147483699"
1505583587700	Marionette	DEBUG	Received observer notification "outer-window-destroyed" for "2147483701"
1505583587700	Marionette	DEBUG	Received observer notification "outer-window-destroyed" for "2147483685"
1505583587700	Marionette	DEBUG	Received observer notification "outer-window-destroyed" for "2147483719"
1505583587701	Marionette	DEBUG	Received observer notification "outer-window-destroyed" for "2147483649"
JavaScript error: jar:file:///Applications/Firefox.app/Contents/Resources/browser/omni.ja!/components/nsBrowserGlue.js, line 999: TypeError: win is null
JavaScript error: jar:file:///Applications/Firefox.app/Contents/Resources/browser/omni.ja!/components/nsBrowserGlue.js, line 999: TypeError: win is null
JavaScript error: jar:file:///Applications/Firefox.app/Contents/Resources/browser/omni.ja!/components/nsBrowserGlue.js, line 999: TypeError: win is null
2017-09-16 13:46:15.711 plugin-container[8828:413759] *** CFMessagePort: bootstrap_register(): failed 1100 (0x44c) 'Permission denied', port = 0xa43b, name = 'com.apple.tsm.portname'
See /usr/include/servers/bootstrap_defs.h for the error codes.
2017-09-16 13:46:15.713 plugin-container[8828:413759] *** CFMessagePort: bootstrap_register(): failed 1100 (0x44c) 'Permission denied', port = 0xa803, name = 'com.apple.CFPasteboardClient'
See /usr/include/servers/bootstrap_defs.h for the error codes.
]]></system-err>
  </testcase>
  <testcase name="endingTheBrowser" classname="testbestbuyproduct.testBestbuyProduct" time="412.882">
    <failure message="Tried to run command without establishing a connection&#10;Build info: version: &apos;3.5.3&apos;, revision: &apos;a88d25fe6b&apos;, time: &apos;2017-08-29T12:42:44.417Z&apos;&#10;System info: host: &apos;Debashishs-MacBook-Pro.local&apos;, ip: &apos;fe80:0:0:0:406:d557:8fc2:2668%en0&apos;, os.name: &apos;Mac OS X&apos;, os.arch: &apos;x86_64&apos;, os.version: &apos;10.12.6&apos;, java.version: &apos;1.8.0_144&apos;&#10;Driver info: org.openqa.selenium.firefox.FirefoxDriver&#10;Capabilities [{moz:profile=/var/folders/gr/jrd4kypn16b_hf574zyxg5500000gn/T/rust_mozprofile.5IbCS7VJmfOb, rotatable=false, timeouts={implicit=0, pageLoad=300000, script=30000}, pageLoadStrategy=normal, platform=MAC, specificationLevel=0, moz:accessibilityChecks=false, acceptInsecureCerts=false, browserVersion=55.0.3, platformVersion=16.7.0, moz:processID=5084, browserName=firefox, javascriptEnabled=true, platformName=MAC}]&#10;Session ID: 7a2259ee-4e4f-3a47-9864-7d231277e6fb" type="org.openqa.selenium.SessionNotCreatedException">org.openqa.selenium.SessionNotCreatedException: 
Tried to run command without establishing a connection
Build info: version: '3.5.3', revision: 'a88d25fe6b', time: '2017-08-29T12:42:44.417Z'
System info: host: 'Debashishs-MacBook-Pro.local', ip: 'fe80:0:0:0:406:d557:8fc2:2668%en0', os.name: 'Mac OS X', os.arch: 'x86_64', os.version: '10.12.6', java.version: '1.8.0_144'
Driver info: org.openqa.selenium.firefox.FirefoxDriver
Capabilities [{moz:profile=/var/folders/gr/jrd4kypn16b_hf574zyxg5500000gn/T/rust_mozprofile.5IbCS7VJmfOb, rotatable=false, timeouts={implicit=0, pageLoad=300000, script=30000}, pageLoadStrategy=normal, platform=MAC, specificationLevel=0, moz:accessibilityChecks=false, acceptInsecureCerts=false, browserVersion=55.0.3, platformVersion=16.7.0, moz:processID=5084, browserName=firefox, javascriptEnabled=true, platformName=MAC}]
Session ID: 7a2259ee-4e4f-3a47-9864-7d231277e6fb
</failure>
    <system-out><![CDATA[Ending the browser
]]></system-out>
  </testcase>
</testsuite>